初始资金，BTC:0.08650894, USDT:144.08145148
当前非买点最新k线及ma值88.02547418822788-{'date': '2019-06-28 22:00:00', 'volume': 14.367198803900001, 'close': 11913.03, 'high': 11970.0, 'low': 11897.1, 'open': 11969.99, 'Ma5': 11861.6, 'Ma10': 11896.78}：
2019-06-28 22:04:57 当前最新价格：11913.03
2019-06-28 22:04:57非卖点11913.03。
当前非买点最新k线及ma值88.02547418822788-{'date': '2019-06-28 22:00:00', 'volume': 14.367198803900001, 'close': 11913.03, 'high': 11970.0, 'low': 11897.1, 'open': 11969.99, 'Ma5': 11861.6, 'Ma10': 11896.78}：
2019-06-28 22:05:15 当前最新价格：11902.78
2019-06-28 22:05:15非卖点11902.78。
当前非买点最新k线及ma值87.87575945695998-{'date': '2019-06-28 22:00:00', 'volume': 15.1158988039, 'close': 11902.8, 'high': 11970.0, 'low': 11897.1, 'open': 11969.99, 'Ma5': 11859.553999999998, 'Ma10': 11895.757}：
2019-06-28 22:05:33 当前最新价格：11902.8
2019-06-28 22:05:33非卖点11902.8。
当前非买点最新k线及ma值87.87575945695998-{'date': '2019-06-28 22:00:00', 'volume': 15.1158988039, 'close': 11902.8, 'high': 11970.0, 'low': 11897.1, 'open': 11969.99, 'Ma5': 11859.553999999998, 'Ma10': 11895.757}：
2019-06-28 22:05:47 当前最新价格：11902.8
2019-06-28 22:05:47非卖点11902.8。
当前非买点最新k线及ma值87.67803059934751-{'date': '2019-06-28 22:00:00', 'volume': 23.8825193839, 'close': 11891.31, 'high': 11970.0, 'low': 11891.31, 'open': 11969.99, 'Ma5': 11857.256000000001, 'Ma10': 11894.607999999998}：
2019-06-28 22:06:03 当前最新价格：11877.92
2019-06-28 22:06:03非卖点11877.92。
当前非买点最新k线及ma值87.39554625462424-{'date': '2019-06-28 22:00:00', 'volume': 23.9210193839, 'close': 11877.92, 'high': 11970.0, 'low': 11877.92, 'open': 11969.99, 'Ma5': 11854.578000000001, 'Ma10': 11893.268999999998}：
2019-06-28 22:06:23 当前最新价格：11851
2019-06-28 22:06:23非卖点11851。
当前非买点最新k线及ma值87.58511099428121-{'date': '2019-06-28 22:00:00', 'volume': 24.642044093899997, 'close': 11886.56, 'high': 11970.0, 'low': 11851.0, 'open': 11969.99, 'Ma5': 11856.306, 'Ma10': 11894.132999999998}：
2019-06-28 22:06:38 当前最新价格：11886.56
2019-06-28 22:06:38非卖点11886.56。
当前非买点最新k线及ma值87.58511099428121-{'date': '2019-06-28 22:00:00', 'volume': 24.642044093899997, 'close': 11886.56, 'high': 11970.0, 'low': 11851.0, 'open': 11969.99, 'Ma5': 11856.306, 'Ma10': 11894.132999999998}：
2019-06-28 22:06:56 当前最新价格：11886.56
2019-06-28 22:06:56非卖点11886.56。
当前非买点最新k线及ma值87.61405596961119-{'date': '2019-06-28 22:00:00', 'volume': 24.709144093899997, 'close': 11888.0, 'high': 11970.0, 'low': 11851.0, 'open': 11969.99, 'Ma5': 11856.594, 'Ma10': 11894.276999999998}：
2019-06-28 22:07:19 当前最新价格：11888
2019-06-28 22:07:19非卖点11888。
当前非买点最新k线及ma值87.61405596961119-{'date': '2019-06-28 22:00:00', 'volume': 25.0117640939, 'close': 11888.0, 'high': 11970.0, 'low': 11851.0, 'open': 11969.99, 'Ma5': 11856.594, 'Ma10': 11894.276999999998}：
2019-06-28 22:07:35 当前最新价格：11888
2019-06-28 22:07:35非卖点11888。
当前非买点最新k线及ma值87.61405596961119-{'date': '2019-06-28 22:00:00', 'volume': 25.514034093899998, 'close': 11888.0, 'high': 11970.0, 'low': 11851.0, 'open': 11969.99, 'Ma5': 11856.594, 'Ma10': 11894.276999999998}：
2019-06-28 22:07:50 当前最新价格：11894.01
2019-06-28 22:07:50非卖点11894.01。
当前非买点最新k线及ma值87.72773041701824-{'date': '2019-06-28 22:00:00', 'volume': 27.3727922639, 'close': 11894.01, 'high': 11970.0, 'low': 11851.0, 'open': 11969.99, 'Ma5': 11857.796, 'Ma10': 11894.878}：
2019-06-28 22:08:10 当前最新价格：11911.84
2019-06-28 22:08:10非卖点11911.84。
当前非买点最新k线及ma值87.72773041701824-{'date': '2019-06-28 22:00:00', 'volume': 27.3727922639, 'close': 11894.01, 'high': 11970.0, 'low': 11851.0, 'open': 11969.99, 'Ma5': 11857.796, 'Ma10': 11894.878}：
2019-06-28 22:08:32 当前最新价格：11903.34
2019-06-28 22:08:32非卖点11903.34。
当前非买点最新k线及ma值87.88422735482897-{'date': '2019-06-28 22:00:00', 'volume': 29.0978922639, 'close': 11903.34, 'high': 11970.0, 'low': 11851.0, 'open': 11969.99, 'Ma5': 11859.662, 'Ma10': 11895.810999999998}：
2019-06-28 22:08:49 当前最新价格：11901.61
2019-06-28 22:08:49非卖点11901.61。
当前非买点最新k线及ma值87.85685743282576-{'date': '2019-06-28 22:00:00', 'volume': 29.1078826239, 'close': 11901.61, 'high': 11970.0, 'low': 11851.0, 'open': 11969.99, 'Ma5': 11859.316, 'Ma10': 11895.638}：
2019-06-28 22:09:06 当前最新价格：11901.61
2019-06-28 22:09:06非卖点11901.61。
当前非买点最新k线及ma值87.90479849230533-{'date': '2019-06-28 22:00:00', 'volume': 29.124922623899998, 'close': 11904.67, 'high': 11970.0, 'low': 11851.0, 'open': 11969.99, 'Ma5': 11859.928, 'Ma10': 11895.944}：
2019-06-28 22:09:23 当前最新价格：11904.67
2019-06-28 22:09:23非卖点11904.67。
当前非买点最新k线及ma值87.85685743282576-{'date': '2019-06-28 22:00:00', 'volume': 29.1078826239, 'close': 11901.61, 'high': 11970.0, 'low': 11851.0, 'open': 11969.99, 'Ma5': 11859.316, 'Ma10': 11895.638}：
2019-06-28 22:09:38 当前最新价格：11904.65
2019-06-28 22:09:38非卖点11904.65。
当前非买点最新k线及ma值87.97181648927695-{'date': '2019-06-28 22:00:00', 'volume': 29.179412093899998, 'close': 11909.19, 'high': 11970.0, 'low': 11851.0, 'open': 11969.99, 'Ma5': 11860.832, 'Ma10': 11896.396}：
2019-06-28 22:09:57 当前最新价格：11905
2019-06-28 22:09:57非卖点11905。
当前非买点最新k线及ma值87.99326035608534-{'date': '2019-06-28 22:00:00', 'volume': 31.130168098000002, 'close': 11910.7, 'high': 11970.0, 'low': 11851.0, 'open': 11969.99, 'Ma5': 11861.133999999998, 'Ma10': 11896.546999999999}：
2019-06-28 22:10:16 当前最新价格：11910.7
2019-06-28 22:10:16非卖点11910.7。
当前非买点最新k线及ma值87.99326035608534-{'date': '2019-06-28 22:00:00', 'volume': 31.130168098000002, 'close': 11910.7, 'high': 11970.0, 'low': 11851.0, 'open': 11969.99, 'Ma5': 11861.133999999998, 'Ma10': 11896.546999999999}：
2019-06-28 22:10:32 当前最新价格：11904.65
2019-06-28 22:10:32非卖点11904.65。
当前非买点最新k线及ma值87.90449211341725-{'date': '2019-06-28 22:00:00', 'volume': 34.6831596281, 'close': 11904.65, 'high': 11970.0, 'low': 11851.0, 'open': 11969.99, 'Ma5': 11859.923999999999, 'Ma10': 11895.942}：
2019-06-28 22:10:47 当前最新价格：11904.65
初始资金，BTC:0.08650894, USDT:144.08145148
当前非买点最新k线及ma值87.83074241027147-{'date': '2019-06-28 22:00:00', 'volume': 44.18193667479999, 'close': 11900.0, 'high': 11970.0, 'low': 11851.0, 'open': 11969.99, 'Ma5': 11858.993999999999, 'Ma10': 11895.477}：
2019-06-28 22:10:57 当前最新价格：11900
2019-06-28 22:10:57非卖点11900。
当前USDT最低入门价：7.10
初始资金，BTC:0.08650894, USDT:1951.91145148
当前非买点最新k线及ma值-12.969557239172076-{'date': '2019-06-29 21:30:00', 'volume': 4.05958103, 'close': 12000.0, 'high': 12030.0, 'low': 12000.0, 'open': 12026.2, 'Ma5': 12052.758, 'Ma10': 12021.305}：
初始资金，BTC:0.08650894, USDT:1951.91145148
当前非买点最新k线及ma值70.71531186491579-{'date': '2019-06-29 21:30:00', 'volume': 11.356463585, 'close': 12036.0, 'high': 12050.0, 'low': 12000.0, 'open': 12026.2, 'Ma5': 12059.958, 'Ma10': 12024.905}：
初始资金，BTC:0.08650894, USDT:1951.91145148
当前非买点最新k线及ma值-39.711828081165635-{'date': '2019-06-29 21:30:00', 'volume': 19.8268015742, 'close': 12015.69, 'high': 12050.0, 'low': 12000.0, 'open': 12026.2, 'Ma5': 12055.896, 'Ma10': 12022.874}：
初始资金，BTC:0.08650894, USDT:1951.91145148
当前非买点最新k线及ma值-27.24543590393285-{'date': '2019-06-29 21:30:00', 'volume': 25.4928857792, 'close': 12012.0, 'high': 12050.0, 'low': 12000.0, 'open': 12026.2, 'Ma5': 12055.158000000001, 'Ma10': 12022.505}：
2019-06-29 21:40:05 当前最新价格：12012
-12.963787750227453 角度下倾，当前价格12012可以卖出。
初始资金，BTC:0.08650894, USDT:1951.91145148
当前非买点最新k线及ma值-6.8357316245905935-{'date': '2019-06-29 21:30:00', 'volume': 27.6505998192, 'close': 11980.0, 'high': 12050.0, 'low': 11971.01, 'open': 12026.2, 'Ma5': 12048.758, 'Ma10': 12019.305}：
2019-06-29 21:42:17 当前最新价格：11989
-6.8357316245905935 角度下倾，当前价格11989可以卖出。
当前USDT最低入门价：7.08
初始资金，BTC:0.08650894, USDT:1951.91145148
当前非买点最新k线及ma值-7.922372279407369-{'date': '2019-06-29 21:30:00', 'volume': 29.990769379099998, 'close': 11985.78, 'high': 12050.0, 'low': 11971.01, 'open': 12026.2, 'Ma5': 12049.913999999999, 'Ma10': 12019.883}：
2019-06-29 21:43:54 当前最新价格：11984.93
-7.922372279407369 角度下倾，当前价格11984.93可以卖出。
{'result': 1036, 'errmsg': '模板参数长度限制', 'ext': ''}
{'result': 1036, 'errmsg': '模板参数长度限制', 'ext': ''}
{'result': 1036, 'errmsg': '模板参数长度限制', 'ext': ''}
当前USDT最低入门价：7.08
{'result': 0, 'errmsg': 'OK', 'ext': '', 'sid': '8:GpqSsxe0qczdFRHEefF20190629', 'fee': 1}
{'result': 0, 'errmsg': 'OK', 'ext': '', 'sid': '8:Zc3oVdYjuALowKbuynf20190629', 'fee': 1}
初始资金，BTC:0.08650894, USDT:1951.91145148
当前非买点最新k线及ma值-6.362629880464809-{'date': '2019-06-29 21:45:00', 'volume': 8.10354919, 'close': 11990.87, 'high': 11990.87, 'low': 11941.37, 'open': 11964.66, 'Ma5': 12037.79, 'Ma10': 12031.678}：
2019-06-29 21:46:52 当前最新价格：11990.87
-6.362629880464809 角度下倾，当前价格11990.87可以卖出。
初始资金，BTC:0.08650894, USDT:1951.91145148
当前非买点最新k线及ma值-24.80199901268098-{'date': '2019-06-29 21:45:00', 'volume': 18.604453345, 'close': 12024.89, 'high': 12024.89, 'low': 11941.37, 'open': 11964.66, 'Ma5': 12044.594, 'Ma10': 12035.079999999998}：
2019-06-29 21:51:05 当前最新价格：12026.9
-29.57650922028077 角度下倾，当前价格12026.9可以卖出。
初始资金，BTC:0.08650894, USDT:1951.91145148
当前非买点最新k线及ma值-9.315941995498065-{'date': '2019-06-29 21:45:00', 'volume': 19.00316412, 'close': 12005.23, 'high': 12028.43, 'low': 11941.37, 'open': 11964.66, 'Ma5': 12040.662, 'Ma10': 12033.113999999998}：
2019-06-29 21:51:55 当前最新价格：12006.48
-9.315941995498065 角度下倾，当前价格12006.48可以卖出。
{'result': 0, 'errmsg': 'OK', 'ext': '', 'sid': '8:Gq2tRcUvWM7yBURuhnp20190629', 'fee': 1}
{'result': 0, 'errmsg': 'OK', 'ext': '', 'sid': '8:jChaLeiyD6fBWzC7Q0620190629', 'fee': 1}
{'result': 0, 'errmsg': 'OK', 'ext': '', 'sid': '8:RK8zFhWQpFRFiLAZpxZ20190629', 'fee': 1}
当前USDT最低入门价：7.08
