初始资金，EOS:74.02522047, USDT:2571.36574962
2019-06-25 00:20:32 当前最新价格：7.2116
之前的买入价格7.1857，买入EOS数量347.9132165272695，手续费成本5.0 USDT，总价2500.0 USDT
当前的卖出单价7.2116，卖出EOS数量346.6637084696877，手续费成本5.0 USDT，总价2500.0 USDT。
净收益-0.9890476919430444 USDT，收益未到最低收益卖点，不交易：
2019-06-25 00:20:44 当前最新价格：7.2116
之前的买入价格7.1857，买入EOS数量347.9132165272695，手续费成本5.0 USDT，总价2500.0 USDT
当前的卖出单价7.2116，卖出EOS数量346.6637084696877，手续费成本5.0 USDT，总价2500.0 USDT。
净收益-0.9890476919430444 USDT，收益未到最低收益卖点，不交易：
2019-06-25 00:20:56 当前最新价格：7.2116
之前的买入价格7.1857，买入EOS数量347.9132165272695，手续费成本5.0 USDT，总价2500.0 USDT
当前的卖出单价7.2116，卖出EOS数量346.6637084696877，手续费成本5.0 USDT，总价2500.0 USDT。
净收益-0.9890476919430444 USDT，收益未到最低收益卖点，不交易：
2019-06-25 00:21:09 当前最新价格：7.2116
之前的买入价格7.1857，买入EOS数量347.9132165272695，手续费成本5.0 USDT，总价2500.0 USDT
当前的卖出单价7.2116，卖出EOS数量346.6637084696877，手续费成本5.0 USDT，总价2500.0 USDT。
净收益-0.9890476919430444 USDT，收益未到最低收益卖点，不交易：
2019-06-25 00:21:24 当前最新价格：7.2116
之前的买入价格7.1857，买入EOS数量347.9132165272695，手续费成本5.0 USDT，总价2500.0 USDT
当前的卖出单价7.2116，卖出EOS数量346.6637084696877，手续费成本5.0 USDT，总价2500.0 USDT。
净收益-0.9890476919430444 USDT，收益未到最低收益卖点，不交易：
2019-06-25 00:21:36 当前最新价格：7.2142
之前的买入价格7.1857，买入EOS数量347.9132165272695，手续费成本5.0 USDT，总价2500.0 USDT
当前的卖出单价7.2142，卖出EOS数量346.53877075767235，手续费成本5.0 USDT，总价2500.0 USDT。
净收益-0.0844733289720736 USDT，收益未到最低收益卖点，不交易：
2019-06-25 00:21:48 当前最新价格：7.2142
之前的买入价格7.1857，买入EOS数量347.9132165272695，手续费成本5.0 USDT，总价2500.0 USDT
当前的卖出单价7.2142，卖出EOS数量346.53877075767235，手续费成本5.0 USDT，总价2500.0 USDT。
净收益-0.0844733289720736 USDT，收益未到最低收益卖点，不交易：
2019-06-25 00:22:05 当前最新价格：7.2142
之前的买入价格7.1857，买入EOS数量347.9132165272695，手续费成本5.0 USDT，总价2500.0 USDT
当前的卖出单价7.2142，卖出EOS数量346.53877075767235，手续费成本5.0 USDT，总价2500.0 USDT。
净收益-0.0844733289720736 USDT，收益未到最低收益卖点，不交易：
2019-06-25 00:22:18 当前最新价格：7.2142
之前的买入价格7.1857，买入EOS数量347.9132165272695，手续费成本5.0 USDT，总价2500.0 USDT
当前的卖出单价7.2142，卖出EOS数量346.53877075767235，手续费成本5.0 USDT，总价2500.0 USDT。
净收益-0.0844733289720736 USDT，收益未到最低收益卖点，不交易：
2019-06-25 00:22:30 当前最新价格：7.2142
之前的买入价格7.1857，买入EOS数量347.9132165272695，手续费成本5.0 USDT，总价2500.0 USDT
当前的卖出单价7.2142，卖出EOS数量346.53877075767235，手续费成本5.0 USDT，总价2500.0 USDT。
净收益-0.0844733289720736 USDT，收益未到最低收益卖点，不交易：
2019-06-25 00:22:43 当前最新价格：7.216
之前的买入价格7.1857，买入EOS数量347.9132165272695，手续费成本5.0 USDT，总价2500.0 USDT
当前的卖出单价7.216，卖出EOS数量346.4523281596452，手续费成本5.0 USDT，总价2500.0 USDT。
净收益0.5417704607769984 USDT，收益未到最低收益卖点，不交易：
2019-06-25 00:23:00 当前最新价格：7.22
之前的买入价格7.1857，买入EOS数量347.9132165272695，手续费成本5.0 USDT，总价2500.0 USDT
当前的卖出单价7.22，卖出EOS数量346.26038781163436，手续费成本5.0 USDT，总价2500.0 USDT。
净收益1.9334233268859027 USDT，收益未到最低收益卖点，不交易：
初始资金，EOS:74.02522047, USDT:2571.36574962
2019-06-25 00:23:16 当前最新价格：7.2244
之前的买入价格7.1857，买入EOS数量347.9132165272695，手续费成本5.0 USDT，总价2500.0 USDT
当前的卖出单价7.2244，卖出EOS数量346.04949892032556，手续费成本5.0 USDT，总价2500.0 USDT。
净收益3.4642414796059793 USDT，收益未到最低收益卖点，不交易：
2019-06-25 00:23:34 当前最新价格：7.2285
之前的买入价格7.1857，买入EOS数量347.9132165272695，手续费成本5.0 USDT，总价2500.0 USDT
当前的卖出单价7.2285，卖出EOS数量345.8532198934772，手续费成本5.0 USDT，总价2500.0 USDT。
净收益4.890685667367707 USDT，收益未到最低收益卖点，不交易：
2019-06-25 00:23:47 当前最新价格：7.2285
之前的买入价格7.1857，买入EOS数量347.9132165272695，手续费成本5.0 USDT，总价2500.0 USDT
当前的卖出单价7.2285，卖出EOS数量345.8532198934772，手续费成本5.0 USDT，总价2500.0 USDT。
净收益4.890685667367707 USDT，收益未到最低收益卖点，不交易：
2019-06-25 00:23:59 当前最新价格：7.2289
之前的买入价格7.1857，买入EOS数量347.9132165272695，手续费成本5.0 USDT，总价2500.0 USDT
当前的卖出单价7.2289，卖出EOS数量345.83408264051235，手续费成本5.0 USDT，总价2500.0 USDT。
净收益5.029850953978956 USDT，收益未到最低收益卖点，不交易：
2019-06-25 00:24:11 当前最新价格：7.2288
之前的买入价格7.1857，买入EOS数量347.9132165272695，手续费成本5.0 USDT，总价2500.0 USDT
当前的卖出单价7.2288，卖出EOS数量345.8388667552014，手续费成本5.0 USDT，总价2500.0 USDT。
净收益4.995059632325905 USDT，收益未到最低收益卖点，不交易：
2019-06-25 00:24:24 当前最新价格：7.2249
之前的买入价格7.1857，买入EOS数量347.9132165272695，手续费成本5.0 USDT，总价2500.0 USDT
当前的卖出单价7.2249，卖出EOS数量346.0255505266509，手续费成本5.0 USDT，总价2500.0 USDT。
净收益3.638198087869693 USDT，收益未到最低收益卖点，不交易：
2019-06-25 00:24:38 当前最新价格：7.2249
之前的买入价格7.1857，买入EOS数量347.9132165272695，手续费成本5.0 USDT，总价2500.0 USDT
当前的卖出单价7.2249，卖出EOS数量346.0255505266509，手续费成本5.0 USDT，总价2500.0 USDT。
净收益3.638198087869693 USDT，收益未到最低收益卖点，不交易：
2019-06-25 00:24:51 当前最新价格：7.2216
之前的买入价格7.1857，买入EOS数量347.9132165272695，手续费成本5.0 USDT，总价2500.0 USDT
当前的卖出单价7.2216，卖出EOS数量346.1836712085965，手续费成本5.0 USDT，总价2500.0 USDT。
净收益2.4900844733292757 USDT，收益未到最低收益卖点，不交易：
2019-06-25 00:25:04 当前最新价格：7.2217
之前的买入价格7.1857，买入EOS数量347.9132165272695，手续费成本5.0 USDT，总价2500.0 USDT
当前的卖出单价7.2217，卖出EOS数量346.1788775496074，手续费成本5.0 USDT，总价2500.0 USDT。
净收益2.5248757949824263 USDT，收益未到最低收益卖点，不交易：
2019-06-25 00:25:16 当前最新价格：7.2217
之前的买入价格7.1857，买入EOS数量347.9132165272695，手续费成本5.0 USDT，总价2500.0 USDT
当前的卖出单价7.2217，卖出EOS数量346.1788775496074，手续费成本5.0 USDT，总价2500.0 USDT。
净收益2.5248757949824263 USDT，收益未到最低收益卖点，不交易：
2019-06-25 00:25:29 当前最新价格：7.222
之前的买入价格7.1857，买入EOS数量347.9132165272695，手续费成本5.0 USDT，总价2500.0 USDT
当前的卖出单价7.222，卖出EOS数量346.1644973691498，手续费成本5.0 USDT，总价2500.0 USDT。
净收益2.629249759940768 USDT，收益未到最低收益卖点，不交易：
2019-06-25 00:25:41 当前最新价格：7.2159
之前的买入价格7.1857，买入EOS数量347.9132165272695，手续费成本5.0 USDT，总价2500.0 USDT
当前的卖出单价7.2159，卖出EOS数量346.45712939480865，手续费成本5.0 USDT，总价2500.0 USDT。
净收益0.5069791391244625 USDT，收益未到最低收益卖点，不交易：
2019-06-25 00:25:54 当前最新价格：7.2159
之前的买入价格7.1857，买入EOS数量347.9132165272695，手续费成本5.0 USDT，总价2500.0 USDT
当前的卖出单价7.2159，卖出EOS数量346.45712939480865，手续费成本5.0 USDT，总价2500.0 USDT。
净收益0.5069791391244625 USDT，收益未到最低收益卖点，不交易：
2019-06-25 00:26:07 当前最新价格：7.2159
之前的买入价格7.1857，买入EOS数量347.9132165272695，手续费成本5.0 USDT，总价2500.0 USDT
当前的卖出单价7.2159，卖出EOS数量346.45712939480865，手续费成本5.0 USDT，总价2500.0 USDT。
净收益0.5069791391244625 USDT，收益未到最低收益卖点，不交易：
2019-06-25 00:26:20 当前最新价格：7.2156
之前的买入价格7.1857，买入EOS数量347.9132165272695，手续费成本5.0 USDT，总价2500.0 USDT
当前的卖出单价7.2156，卖出EOS数量346.47153389877485，手续费成本5.0 USDT，总价2500.0 USDT。
净收益0.4026051741661778 USDT，收益未到最低收益卖点，不交易：
2019-06-25 00:26:31 当前最新价格：7.2083
之前的买入价格7.1857，买入EOS数量347.9132165272695，手续费成本5.0 USDT，总价2500.0 USDT
当前的卖出单价7.2083，卖出EOS数量346.822413051621，手续费成本5.0 USDT，总价2500.0 USDT。
净收益-2.1371613064829207 USDT，收益未到最低收益卖点，不交易：
2019-06-25 00:26:44 当前最新价格：7.2083
之前的买入价格7.1857，买入EOS数量347.9132165272695，手续费成本5.0 USDT，总价2500.0 USDT
当前的卖出单价7.2083，卖出EOS数量346.822413051621，手续费成本5.0 USDT，总价2500.0 USDT。
净收益-2.1371613064829207 USDT，收益未到最低收益卖点，不交易：
2019-06-25 00:26:58 当前最新价格：7.2083
之前的买入价格7.1857，买入EOS数量347.9132165272695，手续费成本5.0 USDT，总价2500.0 USDT
当前的卖出单价7.2083，卖出EOS数量346.822413051621，手续费成本5.0 USDT，总价2500.0 USDT。
净收益-2.1371613064829207 USDT，收益未到最低收益卖点，不交易：
2019-06-25 00:27:10 当前最新价格：7.2083
之前的买入价格7.1857，买入EOS数量347.9132165272695，手续费成本5.0 USDT，总价2500.0 USDT
当前的卖出单价7.2083，卖出EOS数量346.822413051621，手续费成本5.0 USDT，总价2500.0 USDT。
净收益-2.1371613064829207 USDT，收益未到最低收益卖点，不交易：
2019-06-25 00:27:23 当前最新价格：7.2083
之前的买入价格7.1857，买入EOS数量347.9132165272695，手续费成本5.0 USDT，总价2500.0 USDT
当前的卖出单价7.2083，卖出EOS数量346.822413051621，手续费成本5.0 USDT，总价2500.0 USDT。
净收益-2.1371613064829207 USDT，收益未到最低收益卖点，不交易：
2019-06-25 00:27:36 当前最新价格：7.2078
之前的买入价格7.1857，买入EOS数量347.9132165272695，手续费成本5.0 USDT，总价2500.0 USDT
当前的卖出单价7.2078，卖出EOS数量346.8464718776881，手续费成本5.0 USDT，总价2500.0 USDT。
净收益-2.311117914746916 USDT，收益未到最低收益卖点，不交易：
2019-06-25 00:27:48 当前最新价格：7.2078
之前的买入价格7.1857，买入EOS数量347.9132165272695，手续费成本5.0 USDT，总价2500.0 USDT
当前的卖出单价7.2078，卖出EOS数量346.8464718776881，手续费成本5.0 USDT，总价2500.0 USDT。
净收益-2.311117914746916 USDT，收益未到最低收益卖点，不交易：
2019-06-25 00:28:01 当前最新价格：7.2078
之前的买入价格7.1857，买入EOS数量347.9132165272695，手续费成本5.0 USDT，总价2500.0 USDT
当前的卖出单价7.2078，卖出EOS数量346.8464718776881，手续费成本5.0 USDT，总价2500.0 USDT。
净收益-2.311117914746916 USDT，收益未到最低收益卖点，不交易：
2019-06-25 00:28:14 当前最新价格：7.2149
之前的买入价格7.1857，买入EOS数量347.9132165272695，手续费成本5.0 USDT，总价2500.0 USDT
当前的卖出单价7.2149，卖出EOS数量346.5051490665151，手续费成本5.0 USDT，总价2500.0 USDT。
净收益0.15906592259699082 USDT，收益未到最低收益卖点，不交易：
2019-06-25 00:28:29 当前最新价格：7.2149
之前的买入价格7.1857，买入EOS数量347.9132165272695，手续费成本5.0 USDT，总价2500.0 USDT
当前的卖出单价7.2149，卖出EOS数量346.5051490665151，手续费成本5.0 USDT，总价2500.0 USDT。
净收益0.15906592259699082 USDT，收益未到最低收益卖点，不交易：
2019-06-25 00:28:41 当前最新价格：7.21
之前的买入价格7.1857，买入EOS数量347.9132165272695，手续费成本5.0 USDT，总价2500.0 USDT
当前的卖出单价7.21，卖出EOS数量346.74063800277395，手续费成本5.0 USDT，总价2500.0 USDT。
净收益-1.5457088383868882 USDT，收益未到最低收益卖点，不交易：
2019-06-25 00:28:53 当前最新价格：7.21
之前的买入价格7.1857，买入EOS数量347.9132165272695，手续费成本5.0 USDT，总价2500.0 USDT
当前的卖出单价7.21，卖出EOS数量346.74063800277395，手续费成本5.0 USDT，总价2500.0 USDT。
净收益-1.5457088383868882 USDT，收益未到最低收益卖点，不交易：
2019-06-25 00:29:05 当前最新价格：7.21
之前的买入价格7.1857，买入EOS数量347.9132165272695，手续费成本5.0 USDT，总价2500.0 USDT
当前的卖出单价7.21，卖出EOS数量346.74063800277395，手续费成本5.0 USDT，总价2500.0 USDT。
净收益-1.5457088383868882 USDT，收益未到最低收益卖点，不交易：
2019-06-25 00:29:17 当前最新价格：7.21
之前的买入价格7.1857，买入EOS数量347.9132165272695，手续费成本5.0 USDT，总价2500.0 USDT
当前的卖出单价7.21，卖出EOS数量346.74063800277395，手续费成本5.0 USDT，总价2500.0 USDT。
净收益-1.5457088383868882 USDT，收益未到最低收益卖点，不交易：
2019-06-25 00:29:30 当前最新价格：7.21
之前的买入价格7.1857，买入EOS数量347.9132165272695，手续费成本5.0 USDT，总价2500.0 USDT
当前的卖出单价7.21，卖出EOS数量346.74063800277395，手续费成本5.0 USDT，总价2500.0 USDT。
净收益-1.5457088383868882 USDT，收益未到最低收益卖点，不交易：
2019-06-25 00:29:42 当前最新价格：7.21
之前的买入价格7.1857，买入EOS数量347.9132165272695，手续费成本5.0 USDT，总价2500.0 USDT
当前的卖出单价7.21，卖出EOS数量346.74063800277395，手续费成本5.0 USDT，总价2500.0 USDT。
净收益-1.5457088383868882 USDT，收益未到最低收益卖点，不交易：
2019-06-25 00:29:54 当前最新价格：7.21
之前的买入价格7.1857，买入EOS数量347.9132165272695，手续费成本5.0 USDT，总价2500.0 USDT
当前的卖出单价7.21，卖出EOS数量346.74063800277395，手续费成本5.0 USDT，总价2500.0 USDT。
净收益-1.5457088383868882 USDT，收益未到最低收益卖点，不交易：
2019-06-25 00:30:07 当前最新价格：7.21
之前的买入价格7.1857，买入EOS数量347.9132165272695，手续费成本5.0 USDT，总价2500.0 USDT
当前的卖出单价7.21，卖出EOS数量346.74063800277395，手续费成本5.0 USDT，总价2500.0 USDT。
净收益-1.5457088383868882 USDT，收益未到最低收益卖点，不交易：
2019-06-25 00:30:18 当前最新价格：7.2101
之前的买入价格7.1857，买入EOS数量347.9132165272695，手续费成本5.0 USDT，总价2500.0 USDT
当前的卖出单价7.2101，卖出EOS数量346.7358289066726，手续费成本5.0 USDT，总价2500.0 USDT。
净收益-1.5109175167342688 USDT，收益未到最低收益卖点，不交易：
2019-06-25 00:30:31 当前最新价格：7.2101
之前的买入价格7.1857，买入EOS数量347.9132165272695，手续费成本5.0 USDT，总价2500.0 USDT
当前的卖出单价7.2101，卖出EOS数量346.7358289066726，手续费成本5.0 USDT，总价2500.0 USDT。
净收益-1.5109175167342688 USDT，收益未到最低收益卖点，不交易：
2019-06-25 00:30:43 当前最新价格：7.21
之前的买入价格7.1857，买入EOS数量347.9132165272695，手续费成本5.0 USDT，总价2500.0 USDT
当前的卖出单价7.21，卖出EOS数量346.74063800277395，手续费成本5.0 USDT，总价2500.0 USDT。
净收益-1.5457088383868882 USDT，收益未到最低收益卖点，不交易：
2019-06-25 00:30:56 当前最新价格：7.21
之前的买入价格7.1857，买入EOS数量347.9132165272695，手续费成本5.0 USDT，总价2500.0 USDT
当前的卖出单价7.21，卖出EOS数量346.74063800277395，手续费成本5.0 USDT，总价2500.0 USDT。
净收益-1.5457088383868882 USDT，收益未到最低收益卖点，不交易：
2019-06-25 00:31:09 当前最新价格：7.21
之前的买入价格7.1857，买入EOS数量347.9132165272695，手续费成本5.0 USDT，总价2500.0 USDT
当前的卖出单价7.21，卖出EOS数量346.74063800277395，手续费成本5.0 USDT，总价2500.0 USDT。
净收益-1.5457088383868882 USDT，收益未到最低收益卖点，不交易：
2019-06-25 00:31:21 当前最新价格：7.21
之前的买入价格7.1857，买入EOS数量347.9132165272695，手续费成本5.0 USDT，总价2500.0 USDT
当前的卖出单价7.21，卖出EOS数量346.74063800277395，手续费成本5.0 USDT，总价2500.0 USDT。
净收益-1.5457088383868882 USDT，收益未到最低收益卖点，不交易：
2019-06-25 00:31:33 当前最新价格：7.21
之前的买入价格7.1857，买入EOS数量347.9132165272695，手续费成本5.0 USDT，总价2500.0 USDT
当前的卖出单价7.21，卖出EOS数量346.74063800277395，手续费成本5.0 USDT，总价2500.0 USDT。
净收益-1.5457088383868882 USDT，收益未到最低收益卖点，不交易：
2019-06-25 00:31:46 当前最新价格：7.2136
之前的买入价格7.1857，买入EOS数量347.9132165272695，手续费成本5.0 USDT，总价2500.0 USDT
当前的卖出单价7.2136，卖出EOS数量346.5675945436398，手续费成本5.0 USDT，总价2500.0 USDT。
净收益-0.29322125888870865 USDT，收益未到最低收益卖点，不交易：
2019-06-25 00:31:58 当前最新价格：7.2136
之前的买入价格7.1857，买入EOS数量347.9132165272695，手续费成本5.0 USDT，总价2500.0 USDT
当前的卖出单价7.2136，卖出EOS数量346.5675945436398，手续费成本5.0 USDT，总价2500.0 USDT。
净收益-0.29322125888870865 USDT，收益未到最低收益卖点，不交易：
2019-06-25 00:32:10 当前最新价格：7.215
之前的买入价格7.1857，买入EOS数量347.9132165272695，手续费成本5.0 USDT，总价2500.0 USDT
当前的卖出单价7.215，卖出EOS数量346.5003465003465，手续费成本5.0 USDT，总价2500.0 USDT。
净收益0.1938572442496671 USDT，收益未到最低收益卖点，不交易：
2019-06-25 00:32:22 当前最新价格：7.215
之前的买入价格7.1857，买入EOS数量347.9132165272695，手续费成本5.0 USDT，总价2500.0 USDT
当前的卖出单价7.215，卖出EOS数量346.5003465003465，手续费成本5.0 USDT，总价2500.0 USDT。
净收益0.1938572442496671 USDT，收益未到最低收益卖点，不交易：
2019-06-25 00:32:36 当前最新价格：7.2201
之前的买入价格7.1857，买入EOS数量347.9132165272695，手续费成本5.0 USDT，总价2500.0 USDT
当前的卖出单价7.2201，卖出EOS数量346.25559202781125，手续费成本5.0 USDT，总价2500.0 USDT。
净收益1.9682146485387229 USDT，收益未到最低收益卖点，不交易：
2019-06-25 00:32:48 当前最新价格：7.2198
之前的买入价格7.1857，买入EOS数量347.9132165272695，手续费成本5.0 USDT，总价2500.0 USDT
当前的卖出单价7.2198，卖出EOS数量346.26997977783316，手续费成本5.0 USDT，总价2500.0 USDT。
净收益1.8638406835806958 USDT，收益未到最低收益卖点，不交易：
2019-06-25 00:33:00 当前最新价格：7.2175
之前的买入价格7.1857，买入EOS数量347.9132165272695，手续费成本5.0 USDT，总价2500.0 USDT
当前的卖出单价7.2175，卖出EOS数量346.38032559750604，手续费成本5.0 USDT，总价2500.0 USDT。
净收益1.0636402855679332 USDT，收益未到最低收益卖点，不交易：
2019-06-25 00:33:13 当前最新价格：7.2175
之前的买入价格7.1857，买入EOS数量347.9132165272695，手续费成本5.0 USDT，总价2500.0 USDT
当前的卖出单价7.2175，卖出EOS数量346.38032559750604，手续费成本5.0 USDT，总价2500.0 USDT。
净收益1.0636402855679332 USDT，收益未到最低收益卖点，不交易：
2019-06-25 00:33:26 当前最新价格：7.2153
之前的买入价格7.1857，买入EOS数量347.9132165272695，手续费成本5.0 USDT，总价2500.0 USDT
当前的卖出单价7.2153，卖出EOS数量346.485939600571，手续费成本5.0 USDT，总价2500.0 USDT。
净收益0.2982312092079695 USDT，收益未到最低收益卖点，不交易：
2019-06-25 00:33:39 当前最新价格：7.219
之前的买入价格7.1857，买入EOS数量347.9132165272695，手续费成本5.0 USDT，总价2500.0 USDT
当前的卖出单价7.219，卖出EOS数量346.30835295747335，手续费成本5.0 USDT，总价2500.0 USDT。
净收益1.5855101103586229 USDT，收益未到最低收益卖点，不交易：
2019-06-25 00:33:51 当前最新价格：7.2184
之前的买入价格7.1857，买入EOS数量347.9132165272695，手续费成本5.0 USDT，总价2500.0 USDT
当前的卖出单价7.2184，卖出EOS数量346.3371384240275，手续费成本5.0 USDT，总价2500.0 USDT。
净收益1.3767621804422365 USDT，收益未到最低收益卖点，不交易：
2019-06-25 00:34:06 当前最新价格：7.2153
之前的买入价格7.1857，买入EOS数量347.9132165272695，手续费成本5.0 USDT，总价2500.0 USDT
当前的卖出单价7.2153，卖出EOS数量346.485939600571，手续费成本5.0 USDT，总价2500.0 USDT。
净收益0.2982312092079695 USDT，收益未到最低收益卖点，不交易：
2019-06-25 00:34:20 当前最新价格：7.2153
之前的买入价格7.1857，买入EOS数量347.9132165272695，手续费成本5.0 USDT，总价2500.0 USDT
当前的卖出单价7.2153，卖出EOS数量346.485939600571，手续费成本5.0 USDT，总价2500.0 USDT。
净收益0.2982312092079695 USDT，收益未到最低收益卖点，不交易：
2019-06-25 00:34:31 当前最新价格：7.2153
之前的买入价格7.1857，买入EOS数量347.9132165272695，手续费成本5.0 USDT，总价2500.0 USDT
当前的卖出单价7.2153，卖出EOS数量346.485939600571，手续费成本5.0 USDT，总价2500.0 USDT。
净收益0.2982312092079695 USDT，收益未到最低收益卖点，不交易：
2019-06-25 00:34:43 当前最新价格：7.2153
之前的买入价格7.1857，买入EOS数量347.9132165272695，手续费成本5.0 USDT，总价2500.0 USDT
当前的卖出单价7.2153，卖出EOS数量346.485939600571，手续费成本5.0 USDT，总价2500.0 USDT。
净收益0.2982312092079695 USDT，收益未到最低收益卖点，不交易：
2019-06-25 00:34:55 当前最新价格：7.2197
之前的买入价格7.1857，买入EOS数量347.9132165272695，手续费成本5.0 USDT，总价2500.0 USDT
当前的卖出单价7.2197，卖出EOS数量346.27477596022，手续费成本5.0 USDT，总价2500.0 USDT。
净收益1.8290493619275825 USDT，收益未到最低收益卖点，不交易：
2019-06-25 00:35:07 当前最新价格：7.2197
之前的买入价格7.1857，买入EOS数量347.9132165272695，手续费成本5.0 USDT，总价2500.0 USDT
当前的卖出单价7.2197，卖出EOS数量346.27477596022，手续费成本5.0 USDT，总价2500.0 USDT。
净收益1.8290493619275825 USDT，收益未到最低收益卖点，不交易：
2019-06-25 00:35:19 当前最新价格：7.2197
之前的买入价格7.1857，买入EOS数量347.9132165272695，手续费成本5.0 USDT，总价2500.0 USDT
当前的卖出单价7.2197，卖出EOS数量346.27477596022，手续费成本5.0 USDT，总价2500.0 USDT。
净收益1.8290493619275825 USDT，收益未到最低收益卖点，不交易：
2019-06-25 00:35:30 当前最新价格：7.22
之前的买入价格7.1857，买入EOS数量347.9132165272695，手续费成本5.0 USDT，总价2500.0 USDT
当前的卖出单价7.22，卖出EOS数量346.26038781163436，手续费成本5.0 USDT，总价2500.0 USDT。
净收益1.9334233268859027 USDT，收益未到最低收益卖点，不交易：
2019-06-25 00:35:44 当前最新价格：7.22
之前的买入价格7.1857，买入EOS数量347.9132165272695，手续费成本5.0 USDT，总价2500.0 USDT
当前的卖出单价7.22，卖出EOS数量346.26038781163436，手续费成本5.0 USDT，总价2500.0 USDT。
净收益1.9334233268859027 USDT，收益未到最低收益卖点，不交易：
2019-06-25 00:35:56 当前最新价格：7.22
之前的买入价格7.1857，买入EOS数量347.9132165272695，手续费成本5.0 USDT，总价2500.0 USDT
当前的卖出单价7.22，卖出EOS数量346.26038781163436，手续费成本5.0 USDT，总价2500.0 USDT。
净收益1.9334233268859027 USDT，收益未到最低收益卖点，不交易：
2019-06-25 00:36:08 当前最新价格：7.22
之前的买入价格7.1857，买入EOS数量347.9132165272695，手续费成本5.0 USDT，总价2500.0 USDT
当前的卖出单价7.22，卖出EOS数量346.26038781163436，手续费成本5.0 USDT，总价2500.0 USDT。
净收益1.9334233268859027 USDT，收益未到最低收益卖点，不交易：
2019-06-25 00:36:23 当前最新价格：7.22
之前的买入价格7.1857，买入EOS数量347.9132165272695，手续费成本5.0 USDT，总价2500.0 USDT
当前的卖出单价7.22，卖出EOS数量346.26038781163436，手续费成本5.0 USDT，总价2500.0 USDT。
净收益1.9334233268859027 USDT，收益未到最低收益卖点，不交易：
2019-06-25 00:36:35 当前最新价格：7.22
之前的买入价格7.1857，买入EOS数量347.9132165272695，手续费成本5.0 USDT，总价2500.0 USDT
当前的卖出单价7.22，卖出EOS数量346.26038781163436，手续费成本5.0 USDT，总价2500.0 USDT。
净收益1.9334233268859027 USDT，收益未到最低收益卖点，不交易：
2019-06-25 00:36:48 当前最新价格：7.2157
之前的买入价格7.1857，买入EOS数量347.9132165272695，手续费成本5.0 USDT，总价2500.0 USDT
当前的卖出单价7.2157，卖出EOS数量346.466732264368，手续费成本5.0 USDT，总价2500.0 USDT。
净收益0.43739649581870843 USDT，收益未到最低收益卖点，不交易：
2019-06-25 00:37:00 当前最新价格：7.2157
之前的买入价格7.1857，买入EOS数量347.9132165272695，手续费成本5.0 USDT，总价2500.0 USDT
当前的卖出单价7.2157，卖出EOS数量346.466732264368，手续费成本5.0 USDT，总价2500.0 USDT。
净收益0.43739649581870843 USDT，收益未到最低收益卖点，不交易：
2019-06-25 00:37:13 当前最新价格：7.2157
之前的买入价格7.1857，买入EOS数量347.9132165272695，手续费成本5.0 USDT，总价2500.0 USDT
当前的卖出单价7.2157，卖出EOS数量346.466732264368，手续费成本5.0 USDT，总价2500.0 USDT。
净收益0.43739649581870843 USDT，收益未到最低收益卖点，不交易：
2019-06-25 00:37:27 当前最新价格：7.22
之前的买入价格7.1857，买入EOS数量347.9132165272695，手续费成本5.0 USDT，总价2500.0 USDT
当前的卖出单价7.22，卖出EOS数量346.26038781163436，手续费成本5.0 USDT，总价2500.0 USDT。
净收益1.9334233268859027 USDT，收益未到最低收益卖点，不交易：
2019-06-25 00:37:40 当前最新价格：7.215
之前的买入价格7.1857，买入EOS数量347.9132165272695，手续费成本5.0 USDT，总价2500.0 USDT
当前的卖出单价7.215，卖出EOS数量346.5003465003465，手续费成本5.0 USDT，总价2500.0 USDT。
净收益0.1938572442496671 USDT，收益未到最低收益卖点，不交易：
2019-06-25 00:38:05 当前最新价格：7.2197
之前的买入价格7.1857，买入EOS数量347.9132165272695，手续费成本5.0 USDT，总价2500.0 USDT
当前的卖出单价7.2197，卖出EOS数量346.27477596022，手续费成本5.0 USDT，总价2500.0 USDT。
净收益1.8290493619275825 USDT，收益未到最低收益卖点，不交易：
2019-06-25 00:38:17 当前最新价格：7.2199
之前的买入价格7.1857，买入EOS数量347.9132165272695，手续费成本5.0 USDT，总价2500.0 USDT
当前的卖出单价7.2199，卖出EOS数量346.2651837283065，手续费成本5.0 USDT，总价2500.0 USDT。
净收益1.8986320052330754 USDT，收益未到最低收益卖点，不交易：
2019-06-25 00:38:30 当前最新价格：7.2191
之前的买入价格7.1857，买入EOS数量347.9132165272695，手续费成本5.0 USDT，总价2500.0 USDT
当前的卖出单价7.2191，卖出EOS数量346.3035558449114，手续费成本5.0 USDT，总价2500.0 USDT。
净收益1.6203014320116456 USDT，收益未到最低收益卖点，不交易：
2019-06-25 00:38:42 当前最新价格：7.219
之前的买入价格7.1857，买入EOS数量347.9132165272695，手续费成本5.0 USDT，总价2500.0 USDT
当前的卖出单价7.219，卖出EOS数量346.30835295747335，手续费成本5.0 USDT，总价2500.0 USDT。
净收益1.5855101103586229 USDT，收益未到最低收益卖点，不交易：
2019-06-25 00:38:54 当前最新价格：7.2142
之前的买入价格7.1857，买入EOS数量347.9132165272695，手续费成本5.0 USDT，总价2500.0 USDT
当前的卖出单价7.2142，卖出EOS数量346.53877075767235，手续费成本5.0 USDT，总价2500.0 USDT。
净收益-0.0844733289720736 USDT，收益未到最低收益卖点，不交易：
2019-06-25 00:39:06 当前最新价格：7.2142
之前的买入价格7.1857，买入EOS数量347.9132165272695，手续费成本5.0 USDT，总价2500.0 USDT
当前的卖出单价7.2142，卖出EOS数量346.53877075767235，手续费成本5.0 USDT，总价2500.0 USDT。
净收益-0.0844733289720736 USDT，收益未到最低收益卖点，不交易：
2019-06-25 00:39:19 当前最新价格：7.2145
之前的买入价格7.1857，买入EOS数量347.9132165272695，手续费成本5.0 USDT，总价2500.0 USDT
当前的卖出单价7.2145，卖出EOS数量346.52436066255456，手续费成本5.0 USDT，总价2500.0 USDT。
净收益0.01990063598614711 USDT，收益未到最低收益卖点，不交易：
2019-06-25 00:39:32 当前最新价格：7.2142
之前的买入价格7.1857，买入EOS数量347.9132165272695，手续费成本5.0 USDT，总价2500.0 USDT
当前的卖出单价7.2142，卖出EOS数量346.53877075767235，手续费成本5.0 USDT，总价2500.0 USDT。
净收益-0.0844733289720736 USDT，收益未到最低收益卖点，不交易：
2019-06-25 00:39:44 当前最新价格：7.2142
之前的买入价格7.1857，买入EOS数量347.9132165272695，手续费成本5.0 USDT，总价2500.0 USDT
当前的卖出单价7.2142，卖出EOS数量346.53877075767235，手续费成本5.0 USDT，总价2500.0 USDT。
净收益-0.0844733289720736 USDT，收益未到最低收益卖点，不交易：
2019-06-25 00:39:57 当前最新价格：7.2142
之前的买入价格7.1857，买入EOS数量347.9132165272695，手续费成本5.0 USDT，总价2500.0 USDT
当前的卖出单价7.2142，卖出EOS数量346.53877075767235，手续费成本5.0 USDT，总价2500.0 USDT。
净收益-0.0844733289720736 USDT，收益未到最低收益卖点，不交易：
